# JRE version: OpenJDK Runtime Environment (17.0.6) (build 17.0.6+0-b2043.56-9586694)
# Java VM: OpenJDK 64-Bit Server VM (17.0.6+0-b2043.56-9586694, mixed mode, tiered, compressed oops, compressed class ptrs, g1 gc, windows-amd64)
GC Precious Log:
 CPUs: 4 total, 4 available
 Memory: 8066M
 Large Page Support: Disabled
 NUMA Support: Disabled
 Compressed Oops: Enabled (32-bit)
 Heap Region Size: 1M
 Heap Min Capacity: 8M
 Heap Initial Capacity: 128M
 Heap Max Capacity: 2G
 Pre-touch: Disabled
 Parallel Workers: 4
 Concurrent Workers: 1
 Concurrent Refinement Workers: 4
 Periodic GC: Disabled
Heap:
 garbage-first heap   total 271360K, used 202788K [0x0000000080000000, 0x0000000100000000)
  region size 1024K, 6 young (6144K), 3 survivors (3072K)
 Metaspace       used 126198K, committed 127040K, reserved 1163264K
  class space    used 17046K, committed 17472K, reserved 1048576K
GC Heap History (20 events):
Event: 274.128 GC heap before
{Heap before GC invocations=86 (full 0):
 garbage-first heap   total 271360K, used 190257K [0x0000000080000000, 0x0000000100000000)
  region size 1024K, 49 young (50176K), 3 survivors (3072K)
 Metaspace       used 121999K, committed 122880K, reserved 1163264K
  class space    used 16546K, committed 16960K, reserved 1048576K
}
Event: 274.142 GC heap after
{Heap after GC invocations=87 (full 0):
 garbage-first heap   total 271360K, used 146174K [0x0000000080000000, 0x0000000100000000)
  region size 1024K, 5 young (5120K), 5 survivors (5120K)
 Metaspace       used 121999K, committed 122880K, reserved 1163264K
  class space    used 16546K, committed 16960K, reserved 1048576K
}
Event: 274.166 GC heap before
{Heap before GC invocations=87 (full 0):
 garbage-first heap   total 271360K, used 154366K [0x0000000080000000, 0x0000000100000000)
  region size 1024K, 13 young (13312K), 5 survivors (5120K)
 Metaspace       used 122021K, committed 122880K, reserved 1163264K
  class space    used 16551K, committed 16960K, reserved 1048576K
}
Event: 274.174 GC heap after
{Heap after GC invocations=88 (full 0):
 garbage-first heap   total 271360K, used 144741K [0x0000000080000000, 0x0000000100000000)
  region size 1024K, 2 young (2048K), 2 survivors (2048K)
 Metaspace       used 122021K, committed 122880K, reserved 1163264K
  class space    used 16551K, committed 16960K, reserved 1048576K
}
Event: 274.471 GC heap before
{Heap before GC invocations=88 (full 0):
 garbage-first heap   total 271360K, used 225637K [0x0000000080000000, 0x0000000100000000)
  region size 1024K, 81 young (82944K), 2 survivors (2048K)
 Metaspace       used 122518K, committed 123392K, reserved 1163264K
  class space    used 16582K, committed 17024K, reserved 1048576K
}
Event: 274.474 GC heap after
{Heap after GC invocations=89 (full 0):
 garbage-first heap   total 271360K, used 144829K [0x0000000080000000, 0x0000000100000000)
  region size 1024K, 2 young (2048K), 2 survivors (2048K)
 Metaspace       used 122518K, committed 123392K, reserved 1163264K
  class space    used 16582K, committed 17024K, reserved 1048576K
}
Event: 274.770 GC heap before
{Heap before GC invocations=89 (full 0):
 garbage-first heap   total 271360K, used 228797K [0x0000000080000000, 0x0000000100000000)
  region size 1024K, 84 young (86016K), 2 survivors (2048K)
 Metaspace       used 122737K, committed 123584K, reserved 1163264K
  class space    used 16592K, committed 17024K, reserved 1048576K
}
Event: 274.774 GC heap after
{Heap after GC invocations=90 (full 0):
 garbage-first heap   total 271360K, used 147313K [0x0000000080000000, 0x0000000100000000)
  region size 1024K, 4 young (4096K), 4 survivors (4096K)
 Metaspace       used 122737K, committed 123584K, reserved 1163264K
  class space    used 16592K, committed 17024K, reserved 1048576K
}
Event: 275.338 GC heap before
{Heap before GC invocations=90 (full 0):
 garbage-first heap   total 271360K, used 229233K [0x0000000080000000, 0x0000000100000000)
  region size 1024K, 85 young (87040K), 4 survivors (4096K)
 Metaspace       used 122859K, committed 123712K, reserved 1163264K
  class space    used 16599K, committed 17024K, reserved 1048576K
}
Event: 275.344 GC heap after
{Heap after GC invocations=91 (full 0):
 garbage-first heap   total 271360K, used 148236K [0x0000000080000000, 0x0000000100000000)
  region size 1024K, 5 young (5120K), 5 survivors (5120K)
 Metaspace       used 122859K, committed 123712K, reserved 1163264K
  class space    used 16599K, committed 17024K, reserved 1048576K
}
Event: 275.790 GC heap before
{Heap before GC invocations=91 (full 0):
 garbage-first heap   total 271360K, used 231180K [0x0000000080000000, 0x0000000100000000)
  region size 1024K, 87 young (89088K), 5 survivors (5120K)
 Metaspace       used 122955K, committed 123776K, reserved 1163264K
  class space    used 16611K, committed 17024K, reserved 1048576K
}
Event: 275.795 GC heap after
{Heap after GC invocations=92 (full 0):
 garbage-first heap   total 271360K, used 147492K [0x0000000080000000, 0x0000000100000000)
  region size 1024K, 4 young (4096K), 4 survivors (4096K)
 Metaspace       used 122955K, committed 123776K, reserved 1163264K
  class space    used 16611K, committed 17024K, reserved 1048576K
}
Event: 278.113 GC heap before
{Heap before GC invocations=92 (full 0):
 garbage-first heap   total 271360K, used 233508K [0x0000000080000000, 0x0000000100000000)
  region size 1024K, 89 young (91136K), 4 survivors (4096K)
 Metaspace       used 123868K, committed 124672K, reserved 1163264K
  class space    used 16711K, committed 17088K, reserved 1048576K
}
Event: 278.120 GC heap after
{Heap after GC invocations=93 (full 0):
 garbage-first heap   total 271360K, used 147686K [0x0000000080000000, 0x0000000100000000)
  region size 1024K, 5 young (5120K), 5 survivors (5120K)
 Metaspace       used 123868K, committed 124672K, reserved 1163264K
  class space    used 16711K, committed 17088K, reserved 1048576K
}
Event: 286.908 GC heap before
{Heap before GC invocations=93 (full 0):
 garbage-first heap   total 271360K, used 177382K [0x0000000080000000, 0x0000000100000000)
  region size 1024K, 33 young (33792K), 5 survivors (5120K)
 Metaspace       used 126021K, committed 126912K, reserved 1163264K
  class space    used 17016K, committed 17472K, reserved 1048576K
}
Event: 286.916 GC heap after
{Heap after GC invocations=94 (full 0):
 garbage-first heap   total 271360K, used 148516K [0x0000000080000000, 0x0000000100000000)
  region size 1024K, 3 young (3072K), 3 survivors (3072K)
 Metaspace       used 126021K, committed 126912K, reserved 1163264K
  class space    used 17016K, committed 17472K, reserved 1048576K
}
Event: 286.917 GC heap before
{Heap before GC invocations=94 (full 0):
 garbage-first heap   total 271360K, used 150564K [0x0000000080000000, 0x0000000100000000)
  region size 1024K, 4 young (4096K), 3 survivors (3072K)
 Metaspace       used 126022K, committed 126912K, reserved 1163264K
  class space    used 17016K, committed 17472K, reserved 1048576K
}
Event: 286.922 GC heap after
{Heap after GC invocations=95 (full 0):
 garbage-first heap   total 271360K, used 150473K [0x0000000080000000, 0x0000000100000000)
  region size 1024K, 3 young (3072K), 3 survivors (3072K)
 Metaspace       used 126022K, committed 126912K, reserved 1163264K
  class space    used 17016K, committed 17472K, reserved 1048576K
}
Event: 287.049 GC heap before
{Heap before GC invocations=95 (full 0):
 garbage-first heap   total 271360K, used 152521K [0x0000000080000000, 0x0000000100000000)
  region size 1024K, 4 young (4096K), 3 survivors (3072K)
 Metaspace       used 126025K, committed 126912K, reserved 1163264K
  class space    used 17017K, committed 17472K, reserved 1048576K
}
Event: 287.053 GC heap after
{Heap after GC invocations=96 (full 0):
 garbage-first heap   total 271360K, used 152612K [0x0000000080000000, 0x0000000100000000)
  region size 1024K, 3 young (3072K), 3 survivors (3072K)
 Metaspace       used 126025K, committed 126912K, reserved 1163264K
  class space    used 17017K, committed 17472K, reserved 1048576K
}

