# JRE version: OpenJDK Runtime Environment (17.0.6) (build 17.0.6+0-b2043.56-9586694)
# Java VM: OpenJDK 64-Bit Server VM (17.0.6+0-b2043.56-9586694, mixed mode, tiered, compressed oops, compressed class ptrs, g1 gc, windows-amd64)
GC Precious Log:
 CPUs: 4 total, 4 available
 Memory: 8066M
 Large Page Support: Disabled
 NUMA Support: Disabled
 Compressed Oops: Enabled (32-bit)
 Heap Region Size: 1M
 Heap Min Capacity: 8M
 Heap Initial Capacity: 128M
 Heap Max Capacity: 2G
 Pre-touch: Disabled
 Parallel Workers: 4
 Concurrent Workers: 1
 Concurrent Refinement Workers: 4
 Periodic GC: Disabled
Heap:
 garbage-first heap   total 410624K, used 140221K [0x0000000080000000, 0x0000000100000000)
  region size 1024K, 6 young (6144K), 6 survivors (6144K)
 Metaspace       used 137437K, committed 138752K, reserved 1171456K
  class space    used 18067K, committed 18688K, reserved 1048576K
GC Heap History (20 events):
Event: 6783.621 GC heap after
{Heap after GC invocations=91 (full 1):
 garbage-first heap   total 410624K, used 129293K [0x0000000080000000, 0x0000000100000000)
  region size 1024K, 6 young (6144K), 6 survivors (6144K)
 Metaspace       used 136787K, committed 137984K, reserved 1171456K
  class space    used 17992K, committed 18560K, reserved 1048576K
}
Event: 6783.732 GC heap before
{Heap before GC invocations=91 (full 1):
 garbage-first heap   total 410624K, used 142605K [0x0000000080000000, 0x0000000100000000)
  region size 1024K, 20 young (20480K), 6 survivors (6144K)
 Metaspace       used 136794K, committed 137984K, reserved 1171456K
  class space    used 17992K, committed 18560K, reserved 1048576K
}
Event: 6783.736 GC heap after
{Heap after GC invocations=92 (full 1):
 garbage-first heap   total 410624K, used 124223K [0x0000000080000000, 0x0000000100000000)
  region size 1024K, 2 young (2048K), 2 survivors (2048K)
 Metaspace       used 136794K, committed 137984K, reserved 1171456K
  class space    used 17992K, committed 18560K, reserved 1048576K
}
Event: 6787.559 GC heap before
{Heap before GC invocations=92 (full 1):
 garbage-first heap   total 410624K, used 146751K [0x0000000080000000, 0x0000000100000000)
  region size 1024K, 26 young (26624K), 2 survivors (2048K)
 Metaspace       used 136803K, committed 138048K, reserved 1171456K
  class space    used 17992K, committed 18560K, reserved 1048576K
}
Event: 6788.044 GC heap after
{Heap after GC invocations=93 (full 1):
 garbage-first heap   total 410624K, used 127576K [0x0000000080000000, 0x0000000100000000)
  region size 1024K, 5 young (5120K), 5 survivors (5120K)
 Metaspace       used 136803K, committed 138048K, reserved 1171456K
  class space    used 17992K, committed 18560K, reserved 1048576K
}
Event: 7069.451 GC heap before
{Heap before GC invocations=94 (full 1):
 garbage-first heap   total 410624K, used 198232K [0x0000000080000000, 0x0000000100000000)
  region size 1024K, 20 young (20480K), 5 survivors (5120K)
 Metaspace       used 136847K, committed 138176K, reserved 1171456K
  class space    used 17997K, committed 18624K, reserved 1048576K
}
Event: 7069.454 GC heap after
{Heap after GC invocations=95 (full 1):
 garbage-first heap   total 410624K, used 123853K [0x0000000080000000, 0x0000000100000000)
  region size 1024K, 1 young (1024K), 1 survivors (1024K)
 Metaspace       used 136847K, committed 138176K, reserved 1171456K
  class space    used 17997K, committed 18624K, reserved 1048576K
}
Event: 7274.330 GC heap before
{Heap before GC invocations=95 (full 1):
 garbage-first heap   total 410624K, used 142285K [0x0000000080000000, 0x0000000100000000)
  region size 1024K, 20 young (20480K), 1 survivors (1024K)
 Metaspace       used 136852K, committed 138176K, reserved 1171456K
  class space    used 17997K, committed 18624K, reserved 1048576K
}
Event: 7274.334 GC heap after
{Heap after GC invocations=96 (full 1):
 garbage-first heap   total 410624K, used 124775K [0x0000000080000000, 0x0000000100000000)
  region size 1024K, 3 young (3072K), 3 survivors (3072K)
 Metaspace       used 136852K, committed 138176K, reserved 1171456K
  class space    used 17997K, committed 18624K, reserved 1048576K
}
Event: 7274.809 GC heap before
{Heap before GC invocations=96 (full 1):
 garbage-first heap   total 410624K, used 141159K [0x0000000080000000, 0x0000000100000000)
  region size 1024K, 20 young (20480K), 3 survivors (3072K)
 Metaspace       used 136868K, committed 138176K, reserved 1171456K
  class space    used 17997K, committed 18624K, reserved 1048576K
}
Event: 7275.052 GC heap after
{Heap after GC invocations=97 (full 1):
 garbage-first heap   total 410624K, used 124043K [0x0000000080000000, 0x0000000100000000)
  region size 1024K, 3 young (3072K), 3 survivors (3072K)
 Metaspace       used 136868K, committed 138176K, reserved 1171456K
  class space    used 17997K, committed 18624K, reserved 1048576K
}
Event: 7326.083 GC heap before
{Heap before GC invocations=97 (full 1):
 garbage-first heap   total 410624K, used 329867K [0x0000000080000000, 0x0000000100000000)
  region size 1024K, 205 young (209920K), 3 survivors (3072K)
 Metaspace       used 137117K, committed 138496K, reserved 1171456K
  class space    used 18041K, committed 18688K, reserved 1048576K
}
Event: 7326.670 GC heap after
{Heap after GC invocations=98 (full 1):
 garbage-first heap   total 410624K, used 133314K [0x0000000080000000, 0x0000000100000000)
  region size 1024K, 12 young (12288K), 12 survivors (12288K)
 Metaspace       used 137117K, committed 138496K, reserved 1171456K
  class space    used 18041K, committed 18688K, reserved 1048576K
}
Event: 7327.919 GC heap before
{Heap before GC invocations=98 (full 1):
 garbage-first heap   total 410624K, used 169154K [0x0000000080000000, 0x0000000100000000)
  region size 1024K, 48 young (49152K), 12 survivors (12288K)
 Metaspace       used 137098K, committed 138496K, reserved 1171456K
  class space    used 18038K, committed 18688K, reserved 1048576K
}
Event: 7328.539 GC heap after
{Heap after GC invocations=99 (full 1):
 garbage-first heap   total 410624K, used 133733K [0x0000000080000000, 0x0000000100000000)
  region size 1024K, 2 young (2048K), 2 survivors (2048K)
 Metaspace       used 137098K, committed 138496K, reserved 1171456K
  class space    used 18038K, committed 18688K, reserved 1048576K
}
Event: 7438.022 GC heap before
{Heap before GC invocations=100 (full 1):
 garbage-first heap   total 410624K, used 361061K [0x0000000080000000, 0x0000000100000000)
  region size 1024K, 170 young (174080K), 2 survivors (2048K)
 Metaspace       used 137339K, committed 138688K, reserved 1171456K
  class space    used 18062K, committed 18688K, reserved 1048576K
}
Event: 7438.035 GC heap after
{Heap after GC invocations=101 (full 1):
 garbage-first heap   total 410624K, used 139573K [0x0000000080000000, 0x0000000100000000)
  region size 1024K, 8 young (8192K), 8 survivors (8192K)
 Metaspace       used 137339K, committed 138688K, reserved 1171456K
  class space    used 18062K, committed 18688K, reserved 1048576K
}
Event: 7438.486 GC heap before
{Heap before GC invocations=101 (full 1):
 garbage-first heap   total 410624K, used 151861K [0x0000000080000000, 0x0000000100000000)
  region size 1024K, 20 young (20480K), 8 survivors (8192K)
 Metaspace       used 137345K, committed 138688K, reserved 1171456K
  class space    used 18062K, committed 18688K, reserved 1048576K
}
Event: 7438.652 GC heap after
{Heap after GC invocations=102 (full 1):
 garbage-first heap   total 410624K, used 136464K [0x0000000080000000, 0x0000000100000000)
  region size 1024K, 2 young (2048K), 2 survivors (2048K)
 Metaspace       used 137345K, committed 138688K, reserved 1171456K
  class space    used 18062K, committed 18688K, reserved 1048576K
}
Event: 7453.367 GC heap before
{Heap before GC invocations=102 (full 1):
 garbage-first heap   total 410624K, used 331024K [0x0000000080000000, 0x0000000100000000)
  region size 1024K, 193 young (197632K), 2 survivors (2048K)
 Metaspace       used 137437K, committed 138752K, reserved 1171456K
  class space    used 18067K, committed 18688K, reserved 1048576K
}

