# JRE version: OpenJDK Runtime Environment (17.0.6) (build 17.0.6+0-b2043.56-9586694)
# Java VM: OpenJDK 64-Bit Server VM (17.0.6+0-b2043.56-9586694, mixed mode, tiered, compressed oops, compressed class ptrs, g1 gc, windows-amd64)
GC Precious Log:
 CPUs: 4 total, 4 available
 Memory: 8066M
 Large Page Support: Disabled
 NUMA Support: Disabled
 Compressed Oops: Enabled (32-bit)
 Heap Region Size: 1M
 Heap Min Capacity: 8M
 Heap Initial Capacity: 128M
 Heap Max Capacity: 2018M
 Pre-touch: Disabled
 Parallel Workers: 4
 Concurrent Workers: 1
 Concurrent Refinement Workers: 4
 Periodic GC: Disabled
Heap:
 garbage-first heap   total 189440K, used 118472K [0x0000000081e00000, 0x0000000100000000)
  region size 1024K, 5 young (5120K), 5 survivors (5120K)
 Metaspace       used 86415K, committed 86784K, reserved 1130496K
  class space    used 9121K, committed 9280K, reserved 1048576K
GC Heap History (20 events):
Event: 10.707 GC heap after
{Heap after GC invocations=21 (full 0):
 garbage-first heap   total 145408K, used 68981K [0x0000000081e00000, 0x0000000100000000)
  region size 1024K, 7 young (7168K), 7 survivors (7168K)
 Metaspace       used 62559K, committed 62848K, reserved 1105920K
  class space    used 6970K, committed 7104K, reserved 1048576K
}
Event: 11.594 GC heap before
{Heap before GC invocations=21 (full 0):
 garbage-first heap   total 145408K, used 115061K [0x0000000081e00000, 0x0000000100000000)
  region size 1024K, 52 young (53248K), 7 survivors (7168K)
 Metaspace       used 65751K, committed 66048K, reserved 1114112K
  class space    used 7284K, committed 7424K, reserved 1048576K
}
Event: 11.605 GC heap after
{Heap after GC invocations=22 (full 0):
 garbage-first heap   total 145408K, used 71927K [0x0000000081e00000, 0x0000000100000000)
  region size 1024K, 3 young (3072K), 3 survivors (3072K)
 Metaspace       used 65751K, committed 66048K, reserved 1114112K
  class space    used 7284K, committed 7424K, reserved 1048576K
}
Event: 12.684 GC heap before
{Heap before GC invocations=22 (full 0):
 garbage-first heap   total 145408K, used 116983K [0x0000000081e00000, 0x0000000100000000)
  region size 1024K, 47 young (48128K), 3 survivors (3072K)
 Metaspace       used 70875K, committed 71232K, reserved 1114112K
  class space    used 7779K, committed 7936K, reserved 1048576K
}
Event: 12.696 GC heap after
{Heap after GC invocations=23 (full 0):
 garbage-first heap   total 145408K, used 79231K [0x0000000081e00000, 0x0000000100000000)
  region size 1024K, 6 young (6144K), 6 survivors (6144K)
 Metaspace       used 70875K, committed 71232K, reserved 1114112K
  class space    used 7779K, committed 7936K, reserved 1048576K
}
Event: 13.132 GC heap before
{Heap before GC invocations=24 (full 0):
 garbage-first heap   total 157696K, used 115071K [0x0000000081e00000, 0x0000000100000000)
  region size 1024K, 41 young (41984K), 6 survivors (6144K)
 Metaspace       used 71753K, committed 72064K, reserved 1114112K
  class space    used 7868K, committed 8000K, reserved 1048576K
}
Event: 13.145 GC heap after
{Heap after GC invocations=25 (full 0):
 garbage-first heap   total 157696K, used 84495K [0x0000000081e00000, 0x0000000100000000)
  region size 1024K, 5 young (5120K), 5 survivors (5120K)
 Metaspace       used 71753K, committed 72064K, reserved 1114112K
  class space    used 7868K, committed 8000K, reserved 1048576K
}
Event: 13.157 GC heap before
{Heap before GC invocations=25 (full 0):
 garbage-first heap   total 157696K, used 86543K [0x0000000081e00000, 0x0000000100000000)
  region size 1024K, 7 young (7168K), 5 survivors (5120K)
 Metaspace       used 71753K, committed 72064K, reserved 1114112K
  class space    used 7868K, committed 8000K, reserved 1048576K
}
Event: 13.165 GC heap after
{Heap after GC invocations=26 (full 0):
 garbage-first heap   total 189440K, used 84879K [0x0000000081e00000, 0x0000000100000000)
  region size 1024K, 1 young (1024K), 1 survivors (1024K)
 Metaspace       used 71753K, committed 72064K, reserved 1114112K
  class space    used 7868K, committed 8000K, reserved 1048576K
}
Event: 14.109 GC heap before
{Heap before GC invocations=26 (full 0):
 garbage-first heap   total 189440K, used 148367K [0x0000000081e00000, 0x0000000100000000)
  region size 1024K, 63 young (64512K), 1 survivors (1024K)
 Metaspace       used 72329K, committed 72704K, reserved 1114112K
  class space    used 7898K, committed 8064K, reserved 1048576K
}
Event: 14.126 GC heap after
{Heap after GC invocations=27 (full 0):
 garbage-first heap   total 189440K, used 102357K [0x0000000081e00000, 0x0000000100000000)
  region size 1024K, 8 young (8192K), 8 survivors (8192K)
 Metaspace       used 72329K, committed 72704K, reserved 1114112K
  class space    used 7898K, committed 8064K, reserved 1048576K
}
Event: 14.929 GC heap before
{Heap before GC invocations=27 (full 0):
 garbage-first heap   total 189440K, used 144341K [0x0000000081e00000, 0x0000000100000000)
  region size 1024K, 49 young (50176K), 8 survivors (8192K)
 Metaspace       used 75380K, committed 75776K, reserved 1122304K
  class space    used 8224K, committed 8384K, reserved 1048576K
}
Event: 14.941 GC heap after
{Heap after GC invocations=28 (full 0):
 garbage-first heap   total 189440K, used 108489K [0x0000000081e00000, 0x0000000100000000)
  region size 1024K, 5 young (5120K), 5 survivors (5120K)
 Metaspace       used 75380K, committed 75776K, reserved 1122304K
  class space    used 8224K, committed 8384K, reserved 1048576K
}
Event: 15.661 GC heap before
{Heap before GC invocations=28 (full 0):
 garbage-first heap   total 189440K, used 147401K [0x0000000081e00000, 0x0000000100000000)
  region size 1024K, 43 young (44032K), 5 survivors (5120K)
 Metaspace       used 79253K, committed 79616K, reserved 1122304K
  class space    used 8601K, committed 8768K, reserved 1048576K
}
Event: 15.670 GC heap after
{Heap after GC invocations=29 (full 0):
 garbage-first heap   total 189440K, used 111580K [0x0000000081e00000, 0x0000000100000000)
  region size 1024K, 3 young (3072K), 3 survivors (3072K)
 Metaspace       used 79253K, committed 79616K, reserved 1122304K
  class space    used 8601K, committed 8768K, reserved 1048576K
}
Event: 16.527 GC heap before
{Heap before GC invocations=29 (full 0):
 garbage-first heap   total 189440K, used 150492K [0x0000000081e00000, 0x0000000100000000)
  region size 1024K, 41 young (41984K), 3 survivors (3072K)
 Metaspace       used 82304K, committed 82688K, reserved 1130496K
  class space    used 8862K, committed 9024K, reserved 1048576K
}
Event: 16.535 GC heap after
{Heap after GC invocations=30 (full 0):
 garbage-first heap   total 189440K, used 114130K [0x0000000081e00000, 0x0000000100000000)
  region size 1024K, 6 young (6144K), 6 survivors (6144K)
 Metaspace       used 82304K, committed 82688K, reserved 1130496K
  class space    used 8862K, committed 9024K, reserved 1048576K
}
Event: 17.105 GC heap before
{Heap before GC invocations=30 (full 0):
 garbage-first heap   total 189440K, used 152018K [0x0000000081e00000, 0x0000000100000000)
  region size 1024K, 43 young (44032K), 6 survivors (6144K)
 Metaspace       used 84103K, committed 84480K, reserved 1130496K
  class space    used 8980K, committed 9152K, reserved 1048576K
}
Event: 17.113 GC heap after
{Heap after GC invocations=31 (full 0):
 garbage-first heap   total 189440K, used 116351K [0x0000000081e00000, 0x0000000100000000)
  region size 1024K, 6 young (6144K), 6 survivors (6144K)
 Metaspace       used 84103K, committed 84480K, reserved 1130496K
  class space    used 8980K, committed 9152K, reserved 1048576K
}
Event: 17.990 GC heap before
{Heap before GC invocations=31 (full 0):
 garbage-first heap   total 189440K, used 154239K [0x0000000081e00000, 0x0000000100000000)
  region size 1024K, 43 young (44032K), 6 survivors (6144K)
 Metaspace       used 86415K, committed 86784K, reserved 1130496K
  class space    used 9121K, committed 9280K, reserved 1048576K
}

